running egg_info
writing ../../build/jarvis_core/jarvis_core.egg-info/PKG-INFO
writing dependency_links to ../../build/jarvis_core/jarvis_core.egg-info/dependency_links.txt
writing entry points to ../../build/jarvis_core/jarvis_core.egg-info/entry_points.txt
writing requirements to ../../build/jarvis_core/jarvis_core.egg-info/requires.txt
writing top-level names to ../../build/jarvis_core/jarvis_core.egg-info/top_level.txt
reading manifest file '../../build/jarvis_core/jarvis_core.egg-info/SOURCES.txt'
writing manifest file '../../build/jarvis_core/jarvis_core.egg-info/SOURCES.txt'
running build
running build_py
copying jarvis_core/imu.py -> /home/jarvis/workspace/ros2/build/jarvis_core/build/lib/jarvis_core
running install
running install_lib
copying /home/jarvis/workspace/ros2/build/jarvis_core/build/lib/jarvis_core/imu.py -> /home/jarvis/workspace/ros2/install/jarvis_core/lib/python3.8/site-packages/jarvis_core
byte-compiling /home/jarvis/workspace/ros2/install/jarvis_core/lib/python3.8/site-packages/jarvis_core/imu.py to imu.cpython-38.pyc
running install_data
running install_egg_info
removing '/home/jarvis/workspace/ros2/install/jarvis_core/lib/python3.8/site-packages/jarvis_core-0.0.0-py3.8.egg-info' (and everything under it)
Copying ../../build/jarvis_core/jarvis_core.egg-info to /home/jarvis/workspace/ros2/install/jarvis_core/lib/python3.8/site-packages/jarvis_core-0.0.0-py3.8.egg-info
running install_scripts
Installing core script to /home/jarvis/workspace/ros2/install/jarvis_core/lib/jarvis_core
writing list of installed files to '/home/jarvis/workspace/ros2/build/jarvis_core/install.log'
