[1.580s] Invoking command in '/home/jarvis/workspace/ros2/src/jarvis_core': PYTHONPATH=/home/jarvis/workspace/ros2/install/jarvis_core/lib/python3.8/site-packages:${PYTHONPATH} /usr/bin/python3 setup.py egg_info --egg-base ../../build/jarvis_core build --build-base /home/jarvis/workspace/ros2/build/jarvis_core/build install --prefix /home/jarvis/workspace/ros2/install/jarvis_core --record /home/jarvis/workspace/ros2/build/jarvis_core/install.log --single-version-externally-managed
[2.892s] running egg_info
[2.907s] writing ../../build/jarvis_core/jarvis_core.egg-info/PKG-INFO
[2.911s] writing dependency_links to ../../build/jarvis_core/jarvis_core.egg-info/dependency_links.txt
[2.913s] writing entry points to ../../build/jarvis_core/jarvis_core.egg-info/entry_points.txt
[2.915s] writing requirements to ../../build/jarvis_core/jarvis_core.egg-info/requires.txt
[2.917s] writing top-level names to ../../build/jarvis_core/jarvis_core.egg-info/top_level.txt
[3.166s] reading manifest file '../../build/jarvis_core/jarvis_core.egg-info/SOURCES.txt'
[3.179s] writing manifest file '../../build/jarvis_core/jarvis_core.egg-info/SOURCES.txt'
[3.187s] running build
[3.189s] running build_py
[3.191s] copying jarvis_core/imu.py -> /home/jarvis/workspace/ros2/build/jarvis_core/build/lib/jarvis_core
[3.196s] running install
[3.200s] running install_lib
[3.214s] copying /home/jarvis/workspace/ros2/build/jarvis_core/build/lib/jarvis_core/imu.py -> /home/jarvis/workspace/ros2/install/jarvis_core/lib/python3.8/site-packages/jarvis_core
[3.225s] byte-compiling /home/jarvis/workspace/ros2/install/jarvis_core/lib/python3.8/site-packages/jarvis_core/imu.py to imu.cpython-38.pyc
[3.263s] running install_data
[3.274s] running install_egg_info
[3.282s] removing '/home/jarvis/workspace/ros2/install/jarvis_core/lib/python3.8/site-packages/jarvis_core-0.0.0-py3.8.egg-info' (and everything under it)
[3.285s] Copying ../../build/jarvis_core/jarvis_core.egg-info to /home/jarvis/workspace/ros2/install/jarvis_core/lib/python3.8/site-packages/jarvis_core-0.0.0-py3.8.egg-info
[3.293s] running install_scripts
[3.398s] Installing core script to /home/jarvis/workspace/ros2/install/jarvis_core/lib/jarvis_core
[3.403s] writing list of installed files to '/home/jarvis/workspace/ros2/build/jarvis_core/install.log'
[3.548s] Invoked command in '/home/jarvis/workspace/ros2/src/jarvis_core' returned '0': PYTHONPATH=/home/jarvis/workspace/ros2/install/jarvis_core/lib/python3.8/site-packages:${PYTHONPATH} /usr/bin/python3 setup.py egg_info --egg-base ../../build/jarvis_core build --build-base /home/jarvis/workspace/ros2/build/jarvis_core/build install --prefix /home/jarvis/workspace/ros2/install/jarvis_core --record /home/jarvis/workspace/ros2/build/jarvis_core/install.log --single-version-externally-managed
