[1.371s] Invoking command in '/home/jarvis/workspace/ros2/src/jarvis_core': PYTHONPATH=/home/jarvis/workspace/ros2/install/jarvis_core/lib/python3.8/site-packages:${PYTHONPATH} /usr/bin/python3 setup.py egg_info --egg-base ../../build/jarvis_core build --build-base /home/jarvis/workspace/ros2/build/jarvis_core/build install --prefix /home/jarvis/workspace/ros2/install/jarvis_core --record /home/jarvis/workspace/ros2/build/jarvis_core/install.log --single-version-externally-managed
[2.550s] running egg_info
[2.554s] writing ../../build/jarvis_core/jarvis_core.egg-info/PKG-INFO
[2.556s] writing dependency_links to ../../build/jarvis_core/jarvis_core.egg-info/dependency_links.txt
[2.557s] writing entry points to ../../build/jarvis_core/jarvis_core.egg-info/entry_points.txt
[2.557s] writing requirements to ../../build/jarvis_core/jarvis_core.egg-info/requires.txt
[2.558s] writing top-level names to ../../build/jarvis_core/jarvis_core.egg-info/top_level.txt
[2.779s] reading manifest file '../../build/jarvis_core/jarvis_core.egg-info/SOURCES.txt'
[2.785s] writing manifest file '../../build/jarvis_core/jarvis_core.egg-info/SOURCES.txt'
[2.786s] running build
[2.787s] running build_py
[2.788s] copying jarvis_core/core.py -> /home/jarvis/workspace/ros2/build/jarvis_core/build/lib/jarvis_core
[2.788s] running install
[2.792s] running install_lib
[2.798s] copying /home/jarvis/workspace/ros2/build/jarvis_core/build/lib/jarvis_core/core.py -> /home/jarvis/workspace/ros2/install/jarvis_core/lib/python3.8/site-packages/jarvis_core
[2.801s] byte-compiling /home/jarvis/workspace/ros2/install/jarvis_core/lib/python3.8/site-packages/jarvis_core/core.py to core.cpython-38.pyc
[2.810s] running install_data
[2.813s] running install_egg_info
[2.821s] removing '/home/jarvis/workspace/ros2/install/jarvis_core/lib/python3.8/site-packages/jarvis_core-0.0.0-py3.8.egg-info' (and everything under it)
[2.823s] Copying ../../build/jarvis_core/jarvis_core.egg-info to /home/jarvis/workspace/ros2/install/jarvis_core/lib/python3.8/site-packages/jarvis_core-0.0.0-py3.8.egg-info
[2.829s] running install_scripts
[2.925s] Installing core script to /home/jarvis/workspace/ros2/install/jarvis_core/lib/jarvis_core
[2.927s] writing list of installed files to '/home/jarvis/workspace/ros2/build/jarvis_core/install.log'
[3.052s] Invoked command in '/home/jarvis/workspace/ros2/src/jarvis_core' returned '0': PYTHONPATH=/home/jarvis/workspace/ros2/install/jarvis_core/lib/python3.8/site-packages:${PYTHONPATH} /usr/bin/python3 setup.py egg_info --egg-base ../../build/jarvis_core build --build-base /home/jarvis/workspace/ros2/build/jarvis_core/build install --prefix /home/jarvis/workspace/ros2/install/jarvis_core --record /home/jarvis/workspace/ros2/build/jarvis_core/install.log --single-version-externally-managed
