[1.666s] Invoking command in '/home/jarvis/workspace/ros2/src/jarvis_core': PYTHONPATH=/home/jarvis/workspace/ros2/install/jarvis_core/lib/python3.8/site-packages:${PYTHONPATH} /usr/bin/python3 setup.py egg_info --egg-base ../../build/jarvis_core build --build-base /home/jarvis/workspace/ros2/build/jarvis_core/build install --prefix /home/jarvis/workspace/ros2/install/jarvis_core --record /home/jarvis/workspace/ros2/build/jarvis_core/install.log --single-version-externally-managed
[2.924s] running egg_info
[2.927s] writing ../../build/jarvis_core/jarvis_core.egg-info/PKG-INFO
[2.928s] writing dependency_links to ../../build/jarvis_core/jarvis_core.egg-info/dependency_links.txt
[2.930s] writing entry points to ../../build/jarvis_core/jarvis_core.egg-info/entry_points.txt
[2.931s] writing requirements to ../../build/jarvis_core/jarvis_core.egg-info/requires.txt
[2.933s] writing top-level names to ../../build/jarvis_core/jarvis_core.egg-info/top_level.txt
[3.152s] reading manifest file '../../build/jarvis_core/jarvis_core.egg-info/SOURCES.txt'
[3.158s] writing manifest file '../../build/jarvis_core/jarvis_core.egg-info/SOURCES.txt'
[3.159s] running build
[3.160s] running build_py
[3.161s] copying jarvis_core/core.py -> /home/jarvis/workspace/ros2/build/jarvis_core/build/lib/jarvis_core
[3.161s] running install
[3.165s] running install_lib
[3.171s] copying /home/jarvis/workspace/ros2/build/jarvis_core/build/lib/jarvis_core/core.py -> /home/jarvis/workspace/ros2/install/jarvis_core/lib/python3.8/site-packages/jarvis_core
[3.174s] byte-compiling /home/jarvis/workspace/ros2/install/jarvis_core/lib/python3.8/site-packages/jarvis_core/core.py to core.cpython-38.pyc
[3.182s] /home/jarvis/workspace/ros2/install/jarvis_core/lib/python3.8/site-packages/jarvis_core/core.py:23: SyntaxWarning: "is not" with a literal. Did you mean "!="?
[3.183s]   while byte is not '\x00':
[3.184s] running install_data
[3.186s] running install_egg_info
[3.195s] removing '/home/jarvis/workspace/ros2/install/jarvis_core/lib/python3.8/site-packages/jarvis_core-0.0.0-py3.8.egg-info' (and everything under it)
[3.197s] Copying ../../build/jarvis_core/jarvis_core.egg-info to /home/jarvis/workspace/ros2/install/jarvis_core/lib/python3.8/site-packages/jarvis_core-0.0.0-py3.8.egg-info
[3.202s] running install_scripts
[3.298s] Installing core script to /home/jarvis/workspace/ros2/install/jarvis_core/lib/jarvis_core
[3.300s] writing list of installed files to '/home/jarvis/workspace/ros2/build/jarvis_core/install.log'
[3.422s] Invoked command in '/home/jarvis/workspace/ros2/src/jarvis_core' returned '0': PYTHONPATH=/home/jarvis/workspace/ros2/install/jarvis_core/lib/python3.8/site-packages:${PYTHONPATH} /usr/bin/python3 setup.py egg_info --egg-base ../../build/jarvis_core build --build-base /home/jarvis/workspace/ros2/build/jarvis_core/build install --prefix /home/jarvis/workspace/ros2/install/jarvis_core --record /home/jarvis/workspace/ros2/build/jarvis_core/install.log --single-version-externally-managed
