running egg_info
creating ../../build/jarvis_core/jarvis_core.egg-info
writing ../../build/jarvis_core/jarvis_core.egg-info/PKG-INFO
writing dependency_links to ../../build/jarvis_core/jarvis_core.egg-info/dependency_links.txt
writing entry points to ../../build/jarvis_core/jarvis_core.egg-info/entry_points.txt
writing requirements to ../../build/jarvis_core/jarvis_core.egg-info/requires.txt
writing top-level names to ../../build/jarvis_core/jarvis_core.egg-info/top_level.txt
writing manifest file '../../build/jarvis_core/jarvis_core.egg-info/SOURCES.txt'
reading manifest file '../../build/jarvis_core/jarvis_core.egg-info/SOURCES.txt'
writing manifest file '../../build/jarvis_core/jarvis_core.egg-info/SOURCES.txt'
running build
running build_py
creating /home/jarvis/workspace/ros2/build/jarvis_core/build
creating /home/jarvis/workspace/ros2/build/jarvis_core/build/lib
creating /home/jarvis/workspace/ros2/build/jarvis_core/build/lib/jarvis_core
copying jarvis_core/__init__.py -> /home/jarvis/workspace/ros2/build/jarvis_core/build/lib/jarvis_core
copying jarvis_core/jarvis_core.py -> /home/jarvis/workspace/ros2/build/jarvis_core/build/lib/jarvis_core
running install
running install_lib
creating /home/jarvis/workspace/ros2/install/jarvis_core/lib/python3.8/site-packages/jarvis_core
copying /home/jarvis/workspace/ros2/build/jarvis_core/build/lib/jarvis_core/__init__.py -> /home/jarvis/workspace/ros2/install/jarvis_core/lib/python3.8/site-packages/jarvis_core
copying /home/jarvis/workspace/ros2/build/jarvis_core/build/lib/jarvis_core/jarvis_core.py -> /home/jarvis/workspace/ros2/install/jarvis_core/lib/python3.8/site-packages/jarvis_core
byte-compiling /home/jarvis/workspace/ros2/install/jarvis_core/lib/python3.8/site-packages/jarvis_core/__init__.py to __init__.cpython-38.pyc
byte-compiling /home/jarvis/workspace/ros2/install/jarvis_core/lib/python3.8/site-packages/jarvis_core/jarvis_core.py to jarvis_core.cpython-38.pyc
running install_data
creating /home/jarvis/workspace/ros2/install/jarvis_core/share/ament_index
creating /home/jarvis/workspace/ros2/install/jarvis_core/share/ament_index/resource_index
creating /home/jarvis/workspace/ros2/install/jarvis_core/share/ament_index/resource_index/packages
copying resource/jarvis_core -> /home/jarvis/workspace/ros2/install/jarvis_core/share/ament_index/resource_index/packages
copying package.xml -> /home/jarvis/workspace/ros2/install/jarvis_core/share/jarvis_core
running install_egg_info
Copying ../../build/jarvis_core/jarvis_core.egg-info to /home/jarvis/workspace/ros2/install/jarvis_core/lib/python3.8/site-packages/jarvis_core-0.0.0-py3.8.egg-info
running install_scripts
Installing jarvis_core script to /home/jarvis/workspace/ros2/install/jarvis_core/lib/jarvis_core
writing list of installed files to '/home/jarvis/workspace/ros2/build/jarvis_core/install.log'
