[1.549s] Invoking command in '/home/jarvis/workspace/ros2/src/jarvis_core': PYTHONPATH=/home/jarvis/workspace/ros2/install/jarvis_core/lib/python3.8/site-packages:${PYTHONPATH} /usr/bin/python3 setup.py egg_info --egg-base ../../build/jarvis_core build --build-base /home/jarvis/workspace/ros2/build/jarvis_core/build install --prefix /home/jarvis/workspace/ros2/install/jarvis_core --record /home/jarvis/workspace/ros2/build/jarvis_core/install.log --single-version-externally-managed
[3.047s] running egg_info
[3.067s] writing ../../build/jarvis_core/jarvis_core.egg-info/PKG-INFO
[3.069s] writing dependency_links to ../../build/jarvis_core/jarvis_core.egg-info/dependency_links.txt
[3.074s] writing entry points to ../../build/jarvis_core/jarvis_core.egg-info/entry_points.txt
[3.076s] writing requirements to ../../build/jarvis_core/jarvis_core.egg-info/requires.txt
[3.078s] writing top-level names to ../../build/jarvis_core/jarvis_core.egg-info/top_level.txt
[3.339s] reading manifest file '../../build/jarvis_core/jarvis_core.egg-info/SOURCES.txt'
[3.345s] writing manifest file '../../build/jarvis_core/jarvis_core.egg-info/SOURCES.txt'
[3.346s] running build
[3.347s] running build_py
[3.348s] copying jarvis_core/core.py -> /home/jarvis/workspace/ros2/build/jarvis_core/build/lib/jarvis_core
[3.348s] running install
[3.352s] running install_lib
[3.358s] copying /home/jarvis/workspace/ros2/build/jarvis_core/build/lib/jarvis_core/core.py -> /home/jarvis/workspace/ros2/install/jarvis_core/lib/python3.8/site-packages/jarvis_core
[3.361s] byte-compiling /home/jarvis/workspace/ros2/install/jarvis_core/lib/python3.8/site-packages/jarvis_core/core.py to core.cpython-38.pyc
[3.374s] running install_data
[3.377s] running install_egg_info
[3.385s] removing '/home/jarvis/workspace/ros2/install/jarvis_core/lib/python3.8/site-packages/jarvis_core-0.0.0-py3.8.egg-info' (and everything under it)
[3.387s] Copying ../../build/jarvis_core/jarvis_core.egg-info to /home/jarvis/workspace/ros2/install/jarvis_core/lib/python3.8/site-packages/jarvis_core-0.0.0-py3.8.egg-info
[3.392s] running install_scripts
[3.487s] Installing core script to /home/jarvis/workspace/ros2/install/jarvis_core/lib/jarvis_core
[3.489s] writing list of installed files to '/home/jarvis/workspace/ros2/build/jarvis_core/install.log'
[3.611s] Invoked command in '/home/jarvis/workspace/ros2/src/jarvis_core' returned '0': PYTHONPATH=/home/jarvis/workspace/ros2/install/jarvis_core/lib/python3.8/site-packages:${PYTHONPATH} /usr/bin/python3 setup.py egg_info --egg-base ../../build/jarvis_core build --build-base /home/jarvis/workspace/ros2/build/jarvis_core/build install --prefix /home/jarvis/workspace/ros2/install/jarvis_core --record /home/jarvis/workspace/ros2/build/jarvis_core/install.log --single-version-externally-managed
