[1.450s] Invoking command in '/home/jarvis/workspace/ros2/src/jarvis_core': PYTHONPATH=/home/jarvis/workspace/ros2/install/jarvis_core/lib/python3.8/site-packages:${PYTHONPATH} /usr/bin/python3 setup.py egg_info --egg-base ../../build/jarvis_core build --build-base /home/jarvis/workspace/ros2/build/jarvis_core/build install --prefix /home/jarvis/workspace/ros2/install/jarvis_core --record /home/jarvis/workspace/ros2/build/jarvis_core/install.log --single-version-externally-managed
[2.920s] running egg_info
[2.934s] writing ../../build/jarvis_core/jarvis_core.egg-info/PKG-INFO
[2.940s] writing dependency_links to ../../build/jarvis_core/jarvis_core.egg-info/dependency_links.txt
[2.941s] writing entry points to ../../build/jarvis_core/jarvis_core.egg-info/entry_points.txt
[2.944s] writing requirements to ../../build/jarvis_core/jarvis_core.egg-info/requires.txt
[2.947s] writing top-level names to ../../build/jarvis_core/jarvis_core.egg-info/top_level.txt
[3.229s] reading manifest file '../../build/jarvis_core/jarvis_core.egg-info/SOURCES.txt'
[3.245s] writing manifest file '../../build/jarvis_core/jarvis_core.egg-info/SOURCES.txt'
[3.251s] running build
[3.252s] running build_py
[3.253s] copying jarvis_core/core.py -> /home/jarvis/workspace/ros2/build/jarvis_core/build/lib/jarvis_core
[3.254s] running install
[3.271s] running install_lib
[3.280s] copying /home/jarvis/workspace/ros2/build/jarvis_core/build/lib/jarvis_core/core.py -> /home/jarvis/workspace/ros2/install/jarvis_core/lib/python3.8/site-packages/jarvis_core
[3.284s] byte-compiling /home/jarvis/workspace/ros2/install/jarvis_core/lib/python3.8/site-packages/jarvis_core/core.py to core.cpython-38.pyc
[3.310s] running install_data
[3.313s] running install_egg_info
[3.331s] removing '/home/jarvis/workspace/ros2/install/jarvis_core/lib/python3.8/site-packages/jarvis_core-0.0.0-py3.8.egg-info' (and everything under it)
[3.342s] Copying ../../build/jarvis_core/jarvis_core.egg-info to /home/jarvis/workspace/ros2/install/jarvis_core/lib/python3.8/site-packages/jarvis_core-0.0.0-py3.8.egg-info
[3.353s] running install_scripts
[3.501s] Installing core script to /home/jarvis/workspace/ros2/install/jarvis_core/lib/jarvis_core
[3.514s] writing list of installed files to '/home/jarvis/workspace/ros2/build/jarvis_core/install.log'
[3.665s] Invoked command in '/home/jarvis/workspace/ros2/src/jarvis_core' returned '0': PYTHONPATH=/home/jarvis/workspace/ros2/install/jarvis_core/lib/python3.8/site-packages:${PYTHONPATH} /usr/bin/python3 setup.py egg_info --egg-base ../../build/jarvis_core build --build-base /home/jarvis/workspace/ros2/build/jarvis_core/build install --prefix /home/jarvis/workspace/ros2/install/jarvis_core --record /home/jarvis/workspace/ros2/build/jarvis_core/install.log --single-version-externally-managed
