[1.323s] Invoking command in '/home/jarvis/workspace/ros2/src/jarvis_core': PYTHONPATH=/home/jarvis/workspace/ros2/install/jarvis_core/lib/python3.8/site-packages:${PYTHONPATH} /usr/bin/python3 setup.py egg_info --egg-base ../../build/jarvis_core build --build-base /home/jarvis/workspace/ros2/build/jarvis_core/build install --prefix /home/jarvis/workspace/ros2/install/jarvis_core --record /home/jarvis/workspace/ros2/build/jarvis_core/install.log --single-version-externally-managed
[2.488s] running egg_info
[2.492s] writing ../../build/jarvis_core/jarvis_core.egg-info/PKG-INFO
[2.493s] writing dependency_links to ../../build/jarvis_core/jarvis_core.egg-info/dependency_links.txt
[2.494s] writing entry points to ../../build/jarvis_core/jarvis_core.egg-info/entry_points.txt
[2.495s] writing requirements to ../../build/jarvis_core/jarvis_core.egg-info/requires.txt
[2.496s] writing top-level names to ../../build/jarvis_core/jarvis_core.egg-info/top_level.txt
[2.717s] reading manifest file '../../build/jarvis_core/jarvis_core.egg-info/SOURCES.txt'
[2.723s] writing manifest file '../../build/jarvis_core/jarvis_core.egg-info/SOURCES.txt'
[2.724s] running build
[2.725s] running build_py
[2.725s] copying jarvis_core/core.py -> /home/jarvis/workspace/ros2/build/jarvis_core/build/lib/jarvis_core
[2.726s] running install
[2.730s] running install_lib
[2.735s] copying /home/jarvis/workspace/ros2/build/jarvis_core/build/lib/jarvis_core/core.py -> /home/jarvis/workspace/ros2/install/jarvis_core/lib/python3.8/site-packages/jarvis_core
[2.738s] byte-compiling /home/jarvis/workspace/ros2/install/jarvis_core/lib/python3.8/site-packages/jarvis_core/core.py to core.cpython-38.pyc
[2.745s]   File "/home/jarvis/workspace/ros2/install/jarvis_core/lib/python3.8/site-packages/jarvis_core/core.py", line 10
[2.746s]     print int(byte.encode('hex'), 16)
[2.747s]           ^
[2.747s] SyntaxError: invalid syntax
[2.748s] 
[2.749s] running install_data
[2.749s] running install_egg_info
[2.756s] removing '/home/jarvis/workspace/ros2/install/jarvis_core/lib/python3.8/site-packages/jarvis_core-0.0.0-py3.8.egg-info' (and everything under it)
[2.758s] Copying ../../build/jarvis_core/jarvis_core.egg-info to /home/jarvis/workspace/ros2/install/jarvis_core/lib/python3.8/site-packages/jarvis_core-0.0.0-py3.8.egg-info
[2.764s] running install_scripts
[2.862s] Installing jarvis_core script to /home/jarvis/workspace/ros2/install/jarvis_core/lib/jarvis_core
[2.864s] writing list of installed files to '/home/jarvis/workspace/ros2/build/jarvis_core/install.log'
[2.983s] Invoked command in '/home/jarvis/workspace/ros2/src/jarvis_core' returned '0': PYTHONPATH=/home/jarvis/workspace/ros2/install/jarvis_core/lib/python3.8/site-packages:${PYTHONPATH} /usr/bin/python3 setup.py egg_info --egg-base ../../build/jarvis_core build --build-base /home/jarvis/workspace/ros2/build/jarvis_core/build install --prefix /home/jarvis/workspace/ros2/install/jarvis_core --record /home/jarvis/workspace/ros2/build/jarvis_core/install.log --single-version-externally-managed
