[1.324s] Invoking command in '/home/jarvis/workspace/ros2/src/jarvis_core': PYTHONPATH=/home/jarvis/workspace/ros2/install/jarvis_core/lib/python3.8/site-packages:${PYTHONPATH} /usr/bin/python3 setup.py egg_info --egg-base ../../build/jarvis_core build --build-base /home/jarvis/workspace/ros2/build/jarvis_core/build install --prefix /home/jarvis/workspace/ros2/install/jarvis_core --record /home/jarvis/workspace/ros2/build/jarvis_core/install.log --single-version-externally-managed
[2.484s] running egg_info
[2.487s] writing ../../build/jarvis_core/jarvis_core.egg-info/PKG-INFO
[2.489s] writing dependency_links to ../../build/jarvis_core/jarvis_core.egg-info/dependency_links.txt
[2.490s] writing entry points to ../../build/jarvis_core/jarvis_core.egg-info/entry_points.txt
[2.491s] writing requirements to ../../build/jarvis_core/jarvis_core.egg-info/requires.txt
[2.491s] writing top-level names to ../../build/jarvis_core/jarvis_core.egg-info/top_level.txt
[2.710s] reading manifest file '../../build/jarvis_core/jarvis_core.egg-info/SOURCES.txt'
[2.715s] writing manifest file '../../build/jarvis_core/jarvis_core.egg-info/SOURCES.txt'
[2.717s] running build
[2.718s] running build_py
[2.718s] copying jarvis_core/imu.py -> /home/jarvis/workspace/ros2/build/jarvis_core/build/lib/jarvis_core
[2.719s] running install
[2.723s] running install_lib
[2.729s] copying /home/jarvis/workspace/ros2/build/jarvis_core/build/lib/jarvis_core/imu.py -> /home/jarvis/workspace/ros2/install/jarvis_core/lib/python3.8/site-packages/jarvis_core
[2.732s] byte-compiling /home/jarvis/workspace/ros2/install/jarvis_core/lib/python3.8/site-packages/jarvis_core/imu.py to imu.cpython-38.pyc
[2.748s] running install_data
[2.751s] running install_egg_info
[2.759s] removing '/home/jarvis/workspace/ros2/install/jarvis_core/lib/python3.8/site-packages/jarvis_core-0.0.0-py3.8.egg-info' (and everything under it)
[2.761s] Copying ../../build/jarvis_core/jarvis_core.egg-info to /home/jarvis/workspace/ros2/install/jarvis_core/lib/python3.8/site-packages/jarvis_core-0.0.0-py3.8.egg-info
[2.766s] running install_scripts
[2.861s] Installing core script to /home/jarvis/workspace/ros2/install/jarvis_core/lib/jarvis_core
[2.863s] writing list of installed files to '/home/jarvis/workspace/ros2/build/jarvis_core/install.log'
[2.985s] Invoked command in '/home/jarvis/workspace/ros2/src/jarvis_core' returned '0': PYTHONPATH=/home/jarvis/workspace/ros2/install/jarvis_core/lib/python3.8/site-packages:${PYTHONPATH} /usr/bin/python3 setup.py egg_info --egg-base ../../build/jarvis_core build --build-base /home/jarvis/workspace/ros2/build/jarvis_core/build install --prefix /home/jarvis/workspace/ros2/install/jarvis_core --record /home/jarvis/workspace/ros2/build/jarvis_core/install.log --single-version-externally-managed
