[1.043s] DEBUG:colcon:Command line arguments: ['/usr/bin/colcon', 'build', '--packages-select', 'jarvis_core']
[1.044s] DEBUG:colcon:Parsed command line arguments: Namespace(ament_cmake_args=None, base_paths=['.'], build_base='build', catkin_cmake_args=None, catkin_skip_building_tests=False, cmake_args=None, cmake_clean_cache=False, cmake_clean_first=False, cmake_force_configure=False, cmake_target=None, cmake_target_skip_unavailable=False, continue_on_error=False, event_handlers=None, executor='parallel', ignore_user_meta=False, install_base='install', log_base=None, log_level=None, main=<bound method BuildVerb.main of <colcon_core.verb.build.BuildVerb object at 0x7f7ddacca0>>, merge_install=False, metas=['./colcon.meta'], packages_above=None, packages_above_and_dependencies=None, packages_above_depth=None, packages_end=None, packages_ignore=None, packages_ignore_regex=None, packages_select=['jarvis_core'], packages_select_build_failed=False, packages_select_by_dep=None, packages_select_regex=None, packages_select_test_failures=False, packages_skip=None, packages_skip_build_finished=False, packages_skip_by_dep=None, packages_skip_regex=None, packages_skip_test_passed=False, packages_skip_up_to=None, packages_start=None, packages_up_to=None, packages_up_to_regex=None, parallel_workers=2, paths=None, symlink_install=False, test_result_base=None, verb_extension=<colcon_core.verb.build.BuildVerb object at 0x7f7ddacca0>, verb_name='build', verb_parser=<colcon_defaults.argument_parser.defaults.DefaultArgumentsDecorator object at 0x7f7ddb8250>)
[1.077s] Level 1:colcon.colcon_core.package_discovery:discover_packages(colcon_meta) check parameters
[1.078s] Level 1:colcon.colcon_core.package_discovery:discover_packages(recursive) check parameters
[1.078s] Level 1:colcon.colcon_core.package_discovery:discover_packages(ignore) check parameters
[1.078s] Level 1:colcon.colcon_core.package_discovery:discover_packages(path) check parameters
[1.078s] Level 1:colcon.colcon_core.package_discovery:discover_packages(colcon_meta) discover
[1.079s] Level 1:colcon.colcon_core.package_discovery:discover_packages(recursive) discover
[1.079s] INFO:colcon.colcon_core.package_discovery:Crawling recursively for packages in '/home/jarvis/workspace/ros2'
[1.080s] Level 1:colcon.colcon_core.package_identification:_identify(.) by extensions ['ignore', 'ignore_ament_install']
[1.081s] Level 1:colcon.colcon_core.package_identification:_identify(.) by extension 'ignore'
[1.081s] Level 1:colcon.colcon_core.package_identification:_identify(.) by extension 'ignore_ament_install'
[1.081s] Level 1:colcon.colcon_core.package_identification:_identify(.) by extensions ['colcon_pkg']
[1.082s] Level 1:colcon.colcon_core.package_identification:_identify(.) by extension 'colcon_pkg'
[1.082s] Level 1:colcon.colcon_core.package_identification:_identify(.) by extensions ['colcon_meta']
[1.082s] Level 1:colcon.colcon_core.package_identification:_identify(.) by extension 'colcon_meta'
[1.082s] Level 1:colcon.colcon_core.package_identification:_identify(.) by extensions ['ros']
[1.083s] Level 1:colcon.colcon_core.package_identification:_identify(.) by extension 'ros'
[1.150s] Level 1:colcon.colcon_core.package_identification:_identify(.) by extensions ['cmake', 'python']
[1.151s] Level 1:colcon.colcon_core.package_identification:_identify(.) by extension 'cmake'
[1.151s] Level 1:colcon.colcon_core.package_identification:_identify(.) by extension 'python'
[1.152s] Level 1:colcon.colcon_core.package_identification:_identify(.) by extensions ['python_setup_py']
[1.152s] Level 1:colcon.colcon_core.package_identification:_identify(.) by extension 'python_setup_py'
[1.153s] Level 1:colcon.colcon_core.package_identification:_identify(build) by extensions ['ignore', 'ignore_ament_install']
[1.153s] Level 1:colcon.colcon_core.package_identification:_identify(build) by extension 'ignore'
[1.154s] Level 1:colcon.colcon_core.package_identification:_identify(build) ignored
[1.155s] Level 1:colcon.colcon_core.package_identification:_identify(install) by extensions ['ignore', 'ignore_ament_install']
[1.155s] Level 1:colcon.colcon_core.package_identification:_identify(install) by extension 'ignore'
[1.155s] Level 1:colcon.colcon_core.package_identification:_identify(install) ignored
[1.156s] Level 1:colcon.colcon_core.package_identification:_identify(log) by extensions ['ignore', 'ignore_ament_install']
[1.157s] Level 1:colcon.colcon_core.package_identification:_identify(log) by extension 'ignore'
[1.157s] Level 1:colcon.colcon_core.package_identification:_identify(log) ignored
[1.158s] Level 1:colcon.colcon_core.package_identification:_identify(src) by extensions ['ignore', 'ignore_ament_install']
[1.158s] Level 1:colcon.colcon_core.package_identification:_identify(src) by extension 'ignore'
[1.159s] Level 1:colcon.colcon_core.package_identification:_identify(src) by extension 'ignore_ament_install'
[1.159s] Level 1:colcon.colcon_core.package_identification:_identify(src) by extensions ['colcon_pkg']
[1.159s] Level 1:colcon.colcon_core.package_identification:_identify(src) by extension 'colcon_pkg'
[1.160s] Level 1:colcon.colcon_core.package_identification:_identify(src) by extensions ['colcon_meta']
[1.160s] Level 1:colcon.colcon_core.package_identification:_identify(src) by extension 'colcon_meta'
[1.160s] Level 1:colcon.colcon_core.package_identification:_identify(src) by extensions ['ros']
[1.161s] Level 1:colcon.colcon_core.package_identification:_identify(src) by extension 'ros'
[1.161s] Level 1:colcon.colcon_core.package_identification:_identify(src) by extensions ['cmake', 'python']
[1.162s] Level 1:colcon.colcon_core.package_identification:_identify(src) by extension 'cmake'
[1.162s] Level 1:colcon.colcon_core.package_identification:_identify(src) by extension 'python'
[1.162s] Level 1:colcon.colcon_core.package_identification:_identify(src) by extensions ['python_setup_py']
[1.162s] Level 1:colcon.colcon_core.package_identification:_identify(src) by extension 'python_setup_py'
[1.163s] Level 1:colcon.colcon_core.package_identification:_identify(src/jarvis_core) by extensions ['ignore', 'ignore_ament_install']
[1.164s] Level 1:colcon.colcon_core.package_identification:_identify(src/jarvis_core) by extension 'ignore'
[1.164s] Level 1:colcon.colcon_core.package_identification:_identify(src/jarvis_core) by extension 'ignore_ament_install'
[1.164s] Level 1:colcon.colcon_core.package_identification:_identify(src/jarvis_core) by extensions ['colcon_pkg']
[1.165s] Level 1:colcon.colcon_core.package_identification:_identify(src/jarvis_core) by extension 'colcon_pkg'
[1.165s] Level 1:colcon.colcon_core.package_identification:_identify(src/jarvis_core) by extensions ['colcon_meta']
[1.165s] Level 1:colcon.colcon_core.package_identification:_identify(src/jarvis_core) by extension 'colcon_meta'
[1.166s] Level 1:colcon.colcon_core.package_identification:_identify(src/jarvis_core) by extensions ['ros']
[1.166s] Level 1:colcon.colcon_core.package_identification:_identify(src/jarvis_core) by extension 'ros'
[1.180s] DEBUG:colcon.colcon_core.package_identification:Package 'src/jarvis_core' with type 'ros.ament_python' and name 'jarvis_core'
[1.180s] Level 1:colcon.colcon_core.package_discovery:discover_packages(recursive) using defaults
[1.180s] Level 1:colcon.colcon_core.package_discovery:discover_packages(ignore) discover
[1.181s] Level 1:colcon.colcon_core.package_discovery:discover_packages(ignore) using defaults
[1.181s] Level 1:colcon.colcon_core.package_discovery:discover_packages(path) discover
[1.181s] Level 1:colcon.colcon_core.package_discovery:discover_packages(path) using defaults
[1.303s] Level 5:colcon.colcon_core.verb:set package 'jarvis_core' build argument 'cmake_args' from command line to 'None'
[1.304s] Level 5:colcon.colcon_core.verb:set package 'jarvis_core' build argument 'cmake_target' from command line to 'None'
[1.304s] Level 5:colcon.colcon_core.verb:set package 'jarvis_core' build argument 'cmake_target_skip_unavailable' from command line to 'False'
[1.304s] Level 5:colcon.colcon_core.verb:set package 'jarvis_core' build argument 'cmake_clean_cache' from command line to 'False'
[1.305s] Level 5:colcon.colcon_core.verb:set package 'jarvis_core' build argument 'cmake_clean_first' from command line to 'False'
[1.305s] Level 5:colcon.colcon_core.verb:set package 'jarvis_core' build argument 'cmake_force_configure' from command line to 'False'
[1.305s] Level 5:colcon.colcon_core.verb:set package 'jarvis_core' build argument 'ament_cmake_args' from command line to 'None'
[1.305s] Level 5:colcon.colcon_core.verb:set package 'jarvis_core' build argument 'catkin_cmake_args' from command line to 'None'
[1.306s] Level 5:colcon.colcon_core.verb:set package 'jarvis_core' build argument 'catkin_skip_building_tests' from command line to 'False'
[1.306s] DEBUG:colcon.colcon_core.verb:Building package 'jarvis_core' with the following arguments: {'ament_cmake_args': None, 'build_base': '/home/jarvis/workspace/ros2/build/jarvis_core', 'catkin_cmake_args': None, 'catkin_skip_building_tests': False, 'cmake_args': None, 'cmake_clean_cache': False, 'cmake_clean_first': False, 'cmake_force_configure': False, 'cmake_target': None, 'cmake_target_skip_unavailable': False, 'install_base': '/home/jarvis/workspace/ros2/install/jarvis_core', 'merge_install': False, 'path': '/home/jarvis/workspace/ros2/src/jarvis_core', 'symlink_install': False, 'test_result_base': None}
[1.308s] INFO:colcon.colcon_core.executor:Executing jobs using 'parallel' executor
[1.319s] DEBUG:colcon.colcon_parallel_executor.executor.parallel:run_until_complete
[1.320s] INFO:colcon.colcon_ros.task.ament_python.build:Building ROS package in '/home/jarvis/workspace/ros2/src/jarvis_core' with build type 'ament_python'
[1.321s] Level 1:colcon.colcon_core.shell:create_environment_hook('jarvis_core', 'ament_prefix_path')
[1.343s] INFO:colcon.colcon_core.plugin_system:Skipping extension 'colcon_core.shell.bat': Not used on non-Windows systems
[1.344s] INFO:colcon.colcon_core.shell:Creating environment hook '/home/jarvis/workspace/ros2/install/jarvis_core/share/jarvis_core/hook/ament_prefix_path.ps1'
[1.348s] INFO:colcon.colcon_core.shell:Creating environment descriptor '/home/jarvis/workspace/ros2/install/jarvis_core/share/jarvis_core/hook/ament_prefix_path.dsv'
[1.351s] INFO:colcon.colcon_core.shell:Creating environment hook '/home/jarvis/workspace/ros2/install/jarvis_core/share/jarvis_core/hook/ament_prefix_path.sh'
[1.359s] INFO:colcon.colcon_core.shell:Skip shell extension 'powershell' for command environment: Not usable outside of PowerShell
[1.359s] DEBUG:colcon.colcon_core.shell:Skip shell extension 'dsv' for command environment
[1.375s] DEBUG:colcon.colcon_core.shell:Ignoring prefix path '/opt/ros/foxy'
[2.652s] INFO:colcon.colcon_core.task.python.build:Building Python package in '/home/jarvis/workspace/ros2/src/jarvis_core'
[2.657s] INFO:colcon.colcon_core.shell:Skip shell extension 'powershell' for command environment: Not usable outside of PowerShell
[2.657s] DEBUG:colcon.colcon_core.shell:Skip shell extension 'dsv' for command environment
[2.670s] DEBUG:colcon.colcon_core.shell:Ignoring prefix path '/opt/ros/foxy'
[2.711s] DEBUG:colcon.colcon_core.event_handler.log_command:Invoking command in '/home/jarvis/workspace/ros2/src/jarvis_core': PYTHONPATH=/home/jarvis/workspace/ros2/install/jarvis_core/lib/python3.8/site-packages:${PYTHONPATH} /usr/bin/python3 setup.py egg_info --egg-base ../../build/jarvis_core build --build-base /home/jarvis/workspace/ros2/build/jarvis_core/build install --prefix /home/jarvis/workspace/ros2/install/jarvis_core --record /home/jarvis/workspace/ros2/build/jarvis_core/install.log --single-version-externally-managed
[4.391s] DEBUG:colcon.colcon_core.event_handler.log_command:Invoked command in '/home/jarvis/workspace/ros2/src/jarvis_core' returned '0': PYTHONPATH=/home/jarvis/workspace/ros2/install/jarvis_core/lib/python3.8/site-packages:${PYTHONPATH} /usr/bin/python3 setup.py egg_info --egg-base ../../build/jarvis_core build --build-base /home/jarvis/workspace/ros2/build/jarvis_core/build install --prefix /home/jarvis/workspace/ros2/install/jarvis_core --record /home/jarvis/workspace/ros2/build/jarvis_core/install.log --single-version-externally-managed
[4.410s] Level 1:colcon.colcon_core.environment:checking '/home/jarvis/workspace/ros2/install/jarvis_core' for CMake module files
[4.414s] Level 1:colcon.colcon_core.environment:checking '/home/jarvis/workspace/ros2/install/jarvis_core' for CMake config files
[4.418s] Level 1:colcon.colcon_core.environment:checking '/home/jarvis/workspace/ros2/install/jarvis_core/lib'
[4.419s] Level 1:colcon.colcon_core.environment:checking '/home/jarvis/workspace/ros2/install/jarvis_core/bin'
[4.419s] Level 1:colcon.colcon_core.environment:checking '/home/jarvis/workspace/ros2/install/jarvis_core/lib/pkgconfig/jarvis_core.pc'
[4.420s] Level 1:colcon.colcon_core.environment:checking '/home/jarvis/workspace/ros2/install/jarvis_core/lib/python3.8/site-packages'
[4.420s] Level 1:colcon.colcon_core.shell:create_environment_hook('jarvis_core', 'pythonpath')
[4.424s] INFO:colcon.colcon_core.shell:Creating environment hook '/home/jarvis/workspace/ros2/install/jarvis_core/share/jarvis_core/hook/pythonpath.ps1'
[4.427s] INFO:colcon.colcon_core.shell:Creating environment descriptor '/home/jarvis/workspace/ros2/install/jarvis_core/share/jarvis_core/hook/pythonpath.dsv'
[4.429s] INFO:colcon.colcon_core.shell:Creating environment hook '/home/jarvis/workspace/ros2/install/jarvis_core/share/jarvis_core/hook/pythonpath.sh'
[4.431s] Level 1:colcon.colcon_core.environment:create_environment_scripts_only(jarvis_core)
[4.435s] INFO:colcon.colcon_core.shell:Creating package script '/home/jarvis/workspace/ros2/install/jarvis_core/share/jarvis_core/package.ps1'
[4.441s] INFO:colcon.colcon_core.shell:Creating package descriptor '/home/jarvis/workspace/ros2/install/jarvis_core/share/jarvis_core/package.dsv'
[4.445s] INFO:colcon.colcon_core.shell:Creating package script '/home/jarvis/workspace/ros2/install/jarvis_core/share/jarvis_core/package.sh'
[4.450s] INFO:colcon.colcon_core.shell:Creating package script '/home/jarvis/workspace/ros2/install/jarvis_core/share/jarvis_core/package.bash'
[4.455s] INFO:colcon.colcon_core.shell:Creating package script '/home/jarvis/workspace/ros2/install/jarvis_core/share/jarvis_core/package.zsh'
[4.459s] Level 1:colcon.colcon_core.environment:create_file_with_runtime_dependencies(/home/jarvis/workspace/ros2/install/jarvis_core/share/colcon-core/packages/jarvis_core)
[4.463s] DEBUG:colcon.colcon_parallel_executor.executor.parallel:closing loop
[4.464s] DEBUG:colcon.colcon_parallel_executor.executor.parallel:loop closed
[4.465s] DEBUG:colcon.colcon_parallel_executor.executor.parallel:run_until_complete finished with '0'
[4.465s] DEBUG:colcon.colcon_core.event_reactor:joining thread
[4.496s] INFO:colcon.colcon_core.plugin_system:Skipping extension 'colcon_notification.desktop_notification.terminal_notifier': Not used on non-Darwin systems
[4.498s] INFO:colcon.colcon_core.plugin_system:Skipping extension 'colcon_notification.desktop_notification.win32': Not used on non-Windows systems
[4.498s] INFO:colcon.colcon_notification.desktop_notification:Sending desktop notification using 'notify2'
[4.558s] DEBUG:colcon.colcon_notification.desktop_notification.notify2:Failed to initialize notify2: org.freedesktop.DBus.Error.Spawn.ChildExited: Process org.freedesktop.Notifications exited with status 1
[4.559s] DEBUG:colcon.colcon_core.event_reactor:joined thread
[4.563s] INFO:colcon.colcon_core.shell:Creating prefix script '/home/jarvis/workspace/ros2/install/local_setup.ps1'
[4.569s] INFO:colcon.colcon_core.shell:Creating prefix util module '/home/jarvis/workspace/ros2/install/_local_setup_util_ps1.py'
[4.577s] INFO:colcon.colcon_core.shell:Creating prefix chain script '/home/jarvis/workspace/ros2/install/setup.ps1'
[4.591s] INFO:colcon.colcon_core.shell:Creating prefix script '/home/jarvis/workspace/ros2/install/local_setup.sh'
[4.595s] INFO:colcon.colcon_core.shell:Creating prefix util module '/home/jarvis/workspace/ros2/install/_local_setup_util_sh.py'
[4.598s] INFO:colcon.colcon_core.shell:Creating prefix chain script '/home/jarvis/workspace/ros2/install/setup.sh'
[4.613s] INFO:colcon.colcon_core.shell:Creating prefix script '/home/jarvis/workspace/ros2/install/local_setup.bash'
[4.617s] INFO:colcon.colcon_core.shell:Creating prefix chain script '/home/jarvis/workspace/ros2/install/setup.bash'
[4.632s] INFO:colcon.colcon_core.shell:Creating prefix script '/home/jarvis/workspace/ros2/install/local_setup.zsh'
[4.635s] INFO:colcon.colcon_core.shell:Creating prefix chain script '/home/jarvis/workspace/ros2/install/setup.zsh'
