[0.986s] DEBUG:colcon:Command line arguments: ['/usr/bin/colcon', 'build', '--packages-select', 'jarvis_core']
[0.987s] DEBUG:colcon:Parsed command line arguments: Namespace(ament_cmake_args=None, base_paths=['.'], build_base='build', catkin_cmake_args=None, catkin_skip_building_tests=False, cmake_args=None, cmake_clean_cache=False, cmake_clean_first=False, cmake_force_configure=False, cmake_target=None, cmake_target_skip_unavailable=False, continue_on_error=False, event_handlers=None, executor='parallel', ignore_user_meta=False, install_base='install', log_base=None, log_level=None, main=<bound method BuildVerb.main of <colcon_core.verb.build.BuildVerb object at 0x7f98865d30>>, merge_install=False, metas=['./colcon.meta'], packages_above=None, packages_above_and_dependencies=None, packages_above_depth=None, packages_end=None, packages_ignore=None, packages_ignore_regex=None, packages_select=['jarvis_core'], packages_select_build_failed=False, packages_select_by_dep=None, packages_select_regex=None, packages_select_test_failures=False, packages_skip=None, packages_skip_build_finished=False, packages_skip_by_dep=None, packages_skip_regex=None, packages_skip_test_passed=False, packages_skip_up_to=None, packages_start=None, packages_up_to=None, packages_up_to_regex=None, parallel_workers=2, paths=None, symlink_install=False, test_result_base=None, verb_extension=<colcon_core.verb.build.BuildVerb object at 0x7f98865d30>, verb_name='build', verb_parser=<colcon_defaults.argument_parser.defaults.DefaultArgumentsDecorator object at 0x7f988712e0>)
[1.048s] Level 1:colcon.colcon_core.package_discovery:discover_packages(colcon_meta) check parameters
[1.050s] Level 1:colcon.colcon_core.package_discovery:discover_packages(recursive) check parameters
[1.052s] Level 1:colcon.colcon_core.package_discovery:discover_packages(ignore) check parameters
[1.054s] Level 1:colcon.colcon_core.package_discovery:discover_packages(path) check parameters
[1.055s] Level 1:colcon.colcon_core.package_discovery:discover_packages(colcon_meta) discover
[1.057s] Level 1:colcon.colcon_core.package_discovery:discover_packages(recursive) discover
[1.059s] INFO:colcon.colcon_core.package_discovery:Crawling recursively for packages in '/home/jarvis/workspace/ros2'
[1.061s] Level 1:colcon.colcon_core.package_identification:_identify(.) by extensions ['ignore', 'ignore_ament_install']
[1.062s] Level 1:colcon.colcon_core.package_identification:_identify(.) by extension 'ignore'
[1.062s] Level 1:colcon.colcon_core.package_identification:_identify(.) by extension 'ignore_ament_install'
[1.062s] Level 1:colcon.colcon_core.package_identification:_identify(.) by extensions ['colcon_pkg']
[1.063s] Level 1:colcon.colcon_core.package_identification:_identify(.) by extension 'colcon_pkg'
[1.063s] Level 1:colcon.colcon_core.package_identification:_identify(.) by extensions ['colcon_meta']
[1.063s] Level 1:colcon.colcon_core.package_identification:_identify(.) by extension 'colcon_meta'
[1.063s] Level 1:colcon.colcon_core.package_identification:_identify(.) by extensions ['ros']
[1.064s] Level 1:colcon.colcon_core.package_identification:_identify(.) by extension 'ros'
[1.141s] Level 1:colcon.colcon_core.package_identification:_identify(.) by extensions ['cmake', 'python']
[1.142s] Level 1:colcon.colcon_core.package_identification:_identify(.) by extension 'cmake'
[1.142s] Level 1:colcon.colcon_core.package_identification:_identify(.) by extension 'python'
[1.143s] Level 1:colcon.colcon_core.package_identification:_identify(.) by extensions ['python_setup_py']
[1.143s] Level 1:colcon.colcon_core.package_identification:_identify(.) by extension 'python_setup_py'
[1.144s] Level 1:colcon.colcon_core.package_identification:_identify(build) by extensions ['ignore', 'ignore_ament_install']
[1.144s] Level 1:colcon.colcon_core.package_identification:_identify(build) by extension 'ignore'
[1.145s] Level 1:colcon.colcon_core.package_identification:_identify(build) ignored
[1.145s] Level 1:colcon.colcon_core.package_identification:_identify(install) by extensions ['ignore', 'ignore_ament_install']
[1.146s] Level 1:colcon.colcon_core.package_identification:_identify(install) by extension 'ignore'
[1.146s] Level 1:colcon.colcon_core.package_identification:_identify(install) ignored
[1.147s] Level 1:colcon.colcon_core.package_identification:_identify(log) by extensions ['ignore', 'ignore_ament_install']
[1.148s] Level 1:colcon.colcon_core.package_identification:_identify(log) by extension 'ignore'
[1.148s] Level 1:colcon.colcon_core.package_identification:_identify(log) ignored
[1.149s] Level 1:colcon.colcon_core.package_identification:_identify(src) by extensions ['ignore', 'ignore_ament_install']
[1.149s] Level 1:colcon.colcon_core.package_identification:_identify(src) by extension 'ignore'
[1.150s] Level 1:colcon.colcon_core.package_identification:_identify(src) by extension 'ignore_ament_install'
[1.150s] Level 1:colcon.colcon_core.package_identification:_identify(src) by extensions ['colcon_pkg']
[1.150s] Level 1:colcon.colcon_core.package_identification:_identify(src) by extension 'colcon_pkg'
[1.151s] Level 1:colcon.colcon_core.package_identification:_identify(src) by extensions ['colcon_meta']
[1.151s] Level 1:colcon.colcon_core.package_identification:_identify(src) by extension 'colcon_meta'
[1.151s] Level 1:colcon.colcon_core.package_identification:_identify(src) by extensions ['ros']
[1.152s] Level 1:colcon.colcon_core.package_identification:_identify(src) by extension 'ros'
[1.152s] Level 1:colcon.colcon_core.package_identification:_identify(src) by extensions ['cmake', 'python']
[1.152s] Level 1:colcon.colcon_core.package_identification:_identify(src) by extension 'cmake'
[1.153s] Level 1:colcon.colcon_core.package_identification:_identify(src) by extension 'python'
[1.153s] Level 1:colcon.colcon_core.package_identification:_identify(src) by extensions ['python_setup_py']
[1.153s] Level 1:colcon.colcon_core.package_identification:_identify(src) by extension 'python_setup_py'
[1.154s] Level 1:colcon.colcon_core.package_identification:_identify(src/jarvis_core) by extensions ['ignore', 'ignore_ament_install']
[1.155s] Level 1:colcon.colcon_core.package_identification:_identify(src/jarvis_core) by extension 'ignore'
[1.155s] Level 1:colcon.colcon_core.package_identification:_identify(src/jarvis_core) by extension 'ignore_ament_install'
[1.155s] Level 1:colcon.colcon_core.package_identification:_identify(src/jarvis_core) by extensions ['colcon_pkg']
[1.156s] Level 1:colcon.colcon_core.package_identification:_identify(src/jarvis_core) by extension 'colcon_pkg'
[1.156s] Level 1:colcon.colcon_core.package_identification:_identify(src/jarvis_core) by extensions ['colcon_meta']
[1.156s] Level 1:colcon.colcon_core.package_identification:_identify(src/jarvis_core) by extension 'colcon_meta'
[1.157s] Level 1:colcon.colcon_core.package_identification:_identify(src/jarvis_core) by extensions ['ros']
[1.157s] Level 1:colcon.colcon_core.package_identification:_identify(src/jarvis_core) by extension 'ros'
[1.171s] DEBUG:colcon.colcon_core.package_identification:Package 'src/jarvis_core' with type 'ros.ament_python' and name 'jarvis_core'
[1.171s] Level 1:colcon.colcon_core.package_discovery:discover_packages(recursive) using defaults
[1.177s] Level 1:colcon.colcon_core.package_discovery:discover_packages(ignore) discover
[1.177s] Level 1:colcon.colcon_core.package_discovery:discover_packages(ignore) using defaults
[1.178s] Level 1:colcon.colcon_core.package_discovery:discover_packages(path) discover
[1.178s] Level 1:colcon.colcon_core.package_discovery:discover_packages(path) using defaults
[1.302s] Level 5:colcon.colcon_core.verb:set package 'jarvis_core' build argument 'cmake_args' from command line to 'None'
[1.303s] Level 5:colcon.colcon_core.verb:set package 'jarvis_core' build argument 'cmake_target' from command line to 'None'
[1.303s] Level 5:colcon.colcon_core.verb:set package 'jarvis_core' build argument 'cmake_target_skip_unavailable' from command line to 'False'
[1.303s] Level 5:colcon.colcon_core.verb:set package 'jarvis_core' build argument 'cmake_clean_cache' from command line to 'False'
[1.304s] Level 5:colcon.colcon_core.verb:set package 'jarvis_core' build argument 'cmake_clean_first' from command line to 'False'
[1.304s] Level 5:colcon.colcon_core.verb:set package 'jarvis_core' build argument 'cmake_force_configure' from command line to 'False'
[1.304s] Level 5:colcon.colcon_core.verb:set package 'jarvis_core' build argument 'ament_cmake_args' from command line to 'None'
[1.304s] Level 5:colcon.colcon_core.verb:set package 'jarvis_core' build argument 'catkin_cmake_args' from command line to 'None'
[1.305s] Level 5:colcon.colcon_core.verb:set package 'jarvis_core' build argument 'catkin_skip_building_tests' from command line to 'False'
[1.305s] DEBUG:colcon.colcon_core.verb:Building package 'jarvis_core' with the following arguments: {'ament_cmake_args': None, 'build_base': '/home/jarvis/workspace/ros2/build/jarvis_core', 'catkin_cmake_args': None, 'catkin_skip_building_tests': False, 'cmake_args': None, 'cmake_clean_cache': False, 'cmake_clean_first': False, 'cmake_force_configure': False, 'cmake_target': None, 'cmake_target_skip_unavailable': False, 'install_base': '/home/jarvis/workspace/ros2/install/jarvis_core', 'merge_install': False, 'path': '/home/jarvis/workspace/ros2/src/jarvis_core', 'symlink_install': False, 'test_result_base': None}
[1.307s] INFO:colcon.colcon_core.executor:Executing jobs using 'parallel' executor
[1.343s] DEBUG:colcon.colcon_parallel_executor.executor.parallel:run_until_complete
[1.344s] INFO:colcon.colcon_ros.task.ament_python.build:Building ROS package in '/home/jarvis/workspace/ros2/src/jarvis_core' with build type 'ament_python'
[1.345s] Level 1:colcon.colcon_core.shell:create_environment_hook('jarvis_core', 'ament_prefix_path')
[1.369s] INFO:colcon.colcon_core.plugin_system:Skipping extension 'colcon_core.shell.bat': Not used on non-Windows systems
[1.370s] INFO:colcon.colcon_core.shell:Creating environment hook '/home/jarvis/workspace/ros2/install/jarvis_core/share/jarvis_core/hook/ament_prefix_path.ps1'
[1.374s] INFO:colcon.colcon_core.shell:Creating environment descriptor '/home/jarvis/workspace/ros2/install/jarvis_core/share/jarvis_core/hook/ament_prefix_path.dsv'
[1.377s] INFO:colcon.colcon_core.shell:Creating environment hook '/home/jarvis/workspace/ros2/install/jarvis_core/share/jarvis_core/hook/ament_prefix_path.sh'
[1.383s] INFO:colcon.colcon_core.shell:Skip shell extension 'powershell' for command environment: Not usable outside of PowerShell
[1.384s] DEBUG:colcon.colcon_core.shell:Skip shell extension 'dsv' for command environment
[1.401s] DEBUG:colcon.colcon_core.shell:Ignoring prefix path '/opt/ros/foxy'
[2.729s] INFO:colcon.colcon_core.task.python.build:Building Python package in '/home/jarvis/workspace/ros2/src/jarvis_core'
[2.736s] INFO:colcon.colcon_core.shell:Skip shell extension 'powershell' for command environment: Not usable outside of PowerShell
[2.738s] DEBUG:colcon.colcon_core.shell:Skip shell extension 'dsv' for command environment
[2.765s] DEBUG:colcon.colcon_core.shell:Ignoring prefix path '/opt/ros/foxy'
[2.826s] DEBUG:colcon.colcon_core.event_handler.log_command:Invoking command in '/home/jarvis/workspace/ros2/src/jarvis_core': PYTHONPATH=/home/jarvis/workspace/ros2/install/jarvis_core/lib/python3.8/site-packages:${PYTHONPATH} /usr/bin/python3 setup.py egg_info --egg-base ../../build/jarvis_core build --build-base /home/jarvis/workspace/ros2/build/jarvis_core/build install --prefix /home/jarvis/workspace/ros2/install/jarvis_core --record /home/jarvis/workspace/ros2/build/jarvis_core/install.log --single-version-externally-managed
[4.861s] DEBUG:colcon.colcon_core.event_handler.log_command:Invoked command in '/home/jarvis/workspace/ros2/src/jarvis_core' returned '0': PYTHONPATH=/home/jarvis/workspace/ros2/install/jarvis_core/lib/python3.8/site-packages:${PYTHONPATH} /usr/bin/python3 setup.py egg_info --egg-base ../../build/jarvis_core build --build-base /home/jarvis/workspace/ros2/build/jarvis_core/build install --prefix /home/jarvis/workspace/ros2/install/jarvis_core --record /home/jarvis/workspace/ros2/build/jarvis_core/install.log --single-version-externally-managed
[4.885s] Level 1:colcon.colcon_core.environment:checking '/home/jarvis/workspace/ros2/install/jarvis_core' for CMake module files
[4.890s] Level 1:colcon.colcon_core.environment:checking '/home/jarvis/workspace/ros2/install/jarvis_core' for CMake config files
[4.896s] Level 1:colcon.colcon_core.environment:checking '/home/jarvis/workspace/ros2/install/jarvis_core/lib'
[4.899s] Level 1:colcon.colcon_core.environment:checking '/home/jarvis/workspace/ros2/install/jarvis_core/bin'
[4.901s] Level 1:colcon.colcon_core.environment:checking '/home/jarvis/workspace/ros2/install/jarvis_core/lib/pkgconfig/jarvis_core.pc'
[4.902s] Level 1:colcon.colcon_core.environment:checking '/home/jarvis/workspace/ros2/install/jarvis_core/lib/python3.8/site-packages'
[4.904s] Level 1:colcon.colcon_core.shell:create_environment_hook('jarvis_core', 'pythonpath')
[4.909s] INFO:colcon.colcon_core.shell:Creating environment hook '/home/jarvis/workspace/ros2/install/jarvis_core/share/jarvis_core/hook/pythonpath.ps1'
[4.922s] INFO:colcon.colcon_core.shell:Creating environment descriptor '/home/jarvis/workspace/ros2/install/jarvis_core/share/jarvis_core/hook/pythonpath.dsv'
[4.929s] INFO:colcon.colcon_core.shell:Creating environment hook '/home/jarvis/workspace/ros2/install/jarvis_core/share/jarvis_core/hook/pythonpath.sh'
[4.936s] Level 1:colcon.colcon_core.environment:create_environment_scripts_only(jarvis_core)
[4.940s] INFO:colcon.colcon_core.shell:Creating package script '/home/jarvis/workspace/ros2/install/jarvis_core/share/jarvis_core/package.ps1'
[4.953s] INFO:colcon.colcon_core.shell:Creating package descriptor '/home/jarvis/workspace/ros2/install/jarvis_core/share/jarvis_core/package.dsv'
[4.962s] INFO:colcon.colcon_core.shell:Creating package script '/home/jarvis/workspace/ros2/install/jarvis_core/share/jarvis_core/package.sh'
[4.971s] INFO:colcon.colcon_core.shell:Creating package script '/home/jarvis/workspace/ros2/install/jarvis_core/share/jarvis_core/package.bash'
[4.982s] INFO:colcon.colcon_core.shell:Creating package script '/home/jarvis/workspace/ros2/install/jarvis_core/share/jarvis_core/package.zsh'
[4.992s] Level 1:colcon.colcon_core.environment:create_file_with_runtime_dependencies(/home/jarvis/workspace/ros2/install/jarvis_core/share/colcon-core/packages/jarvis_core)
[5.002s] DEBUG:colcon.colcon_parallel_executor.executor.parallel:closing loop
[5.003s] DEBUG:colcon.colcon_parallel_executor.executor.parallel:loop closed
[5.004s] DEBUG:colcon.colcon_parallel_executor.executor.parallel:run_until_complete finished with '0'
[5.004s] DEBUG:colcon.colcon_core.event_reactor:joining thread
[5.042s] INFO:colcon.colcon_core.plugin_system:Skipping extension 'colcon_notification.desktop_notification.terminal_notifier': Not used on non-Darwin systems
[5.044s] INFO:colcon.colcon_core.plugin_system:Skipping extension 'colcon_notification.desktop_notification.win32': Not used on non-Windows systems
[5.047s] INFO:colcon.colcon_notification.desktop_notification:Sending desktop notification using 'notify2'
[5.114s] DEBUG:colcon.colcon_notification.desktop_notification.notify2:Failed to initialize notify2: org.freedesktop.DBus.Error.Spawn.ChildExited: Process org.freedesktop.Notifications exited with status 1
[5.115s] DEBUG:colcon.colcon_core.event_reactor:joined thread
[5.122s] INFO:colcon.colcon_core.shell:Creating prefix script '/home/jarvis/workspace/ros2/install/local_setup.ps1'
[5.136s] INFO:colcon.colcon_core.shell:Creating prefix util module '/home/jarvis/workspace/ros2/install/_local_setup_util_ps1.py'
[5.153s] INFO:colcon.colcon_core.shell:Creating prefix chain script '/home/jarvis/workspace/ros2/install/setup.ps1'
[5.180s] INFO:colcon.colcon_core.shell:Creating prefix script '/home/jarvis/workspace/ros2/install/local_setup.sh'
[5.190s] INFO:colcon.colcon_core.shell:Creating prefix util module '/home/jarvis/workspace/ros2/install/_local_setup_util_sh.py'
[5.198s] INFO:colcon.colcon_core.shell:Creating prefix chain script '/home/jarvis/workspace/ros2/install/setup.sh'
[5.228s] INFO:colcon.colcon_core.shell:Creating prefix script '/home/jarvis/workspace/ros2/install/local_setup.bash'
[5.237s] INFO:colcon.colcon_core.shell:Creating prefix chain script '/home/jarvis/workspace/ros2/install/setup.bash'
[5.267s] INFO:colcon.colcon_core.shell:Creating prefix script '/home/jarvis/workspace/ros2/install/local_setup.zsh'
[5.278s] INFO:colcon.colcon_core.shell:Creating prefix chain script '/home/jarvis/workspace/ros2/install/setup.zsh'
