[1.454s] Invoking command in '/home/jarvis/workspace/ros2/src/jarvis_core': PYTHONPATH=/home/jarvis/workspace/ros2/install/jarvis_core/lib/python3.8/site-packages:${PYTHONPATH} /usr/bin/python3 setup.py egg_info --egg-base ../../build/jarvis_core build --build-base /home/jarvis/workspace/ros2/build/jarvis_core/build install --prefix /home/jarvis/workspace/ros2/install/jarvis_core --record /home/jarvis/workspace/ros2/build/jarvis_core/install.log --single-version-externally-managed
[2.796s] running egg_info
[2.810s] writing ../../build/jarvis_core/jarvis_core.egg-info/PKG-INFO
[2.819s] writing dependency_links to ../../build/jarvis_core/jarvis_core.egg-info/dependency_links.txt
[2.821s] writing entry points to ../../build/jarvis_core/jarvis_core.egg-info/entry_points.txt
[2.824s] writing requirements to ../../build/jarvis_core/jarvis_core.egg-info/requires.txt
[2.826s] writing top-level names to ../../build/jarvis_core/jarvis_core.egg-info/top_level.txt
[3.074s] reading manifest file '../../build/jarvis_core/jarvis_core.egg-info/SOURCES.txt'
[3.086s] writing manifest file '../../build/jarvis_core/jarvis_core.egg-info/SOURCES.txt'
[3.097s] running build
[3.098s] running build_py
[3.100s] copying jarvis_core/core.py -> /home/jarvis/workspace/ros2/build/jarvis_core/build/lib/jarvis_core
[3.106s] running install
[3.115s] running install_lib
[3.130s] copying /home/jarvis/workspace/ros2/build/jarvis_core/build/lib/jarvis_core/core.py -> /home/jarvis/workspace/ros2/install/jarvis_core/lib/python3.8/site-packages/jarvis_core
[3.139s] byte-compiling /home/jarvis/workspace/ros2/install/jarvis_core/lib/python3.8/site-packages/jarvis_core/core.py to core.cpython-38.pyc
[3.161s] running install_data
[3.175s] running install_egg_info
[3.191s] removing '/home/jarvis/workspace/ros2/install/jarvis_core/lib/python3.8/site-packages/jarvis_core-0.0.0-py3.8.egg-info' (and everything under it)
[3.201s] Copying ../../build/jarvis_core/jarvis_core.egg-info to /home/jarvis/workspace/ros2/install/jarvis_core/lib/python3.8/site-packages/jarvis_core-0.0.0-py3.8.egg-info
[3.217s] running install_scripts
[3.407s] Installing core script to /home/jarvis/workspace/ros2/install/jarvis_core/lib/jarvis_core
[3.420s] writing list of installed files to '/home/jarvis/workspace/ros2/build/jarvis_core/install.log'
[3.616s] Invoked command in '/home/jarvis/workspace/ros2/src/jarvis_core' returned '0': PYTHONPATH=/home/jarvis/workspace/ros2/install/jarvis_core/lib/python3.8/site-packages:${PYTHONPATH} /usr/bin/python3 setup.py egg_info --egg-base ../../build/jarvis_core build --build-base /home/jarvis/workspace/ros2/build/jarvis_core/build install --prefix /home/jarvis/workspace/ros2/install/jarvis_core --record /home/jarvis/workspace/ros2/build/jarvis_core/install.log --single-version-externally-managed
