[1.388s] Invoking command in '/home/jarvis/workspace/ros2/src/jarvis_core': PYTHONPATH=/home/jarvis/workspace/ros2/install/jarvis_core/lib/python3.8/site-packages:${PYTHONPATH} /usr/bin/python3 setup.py egg_info --egg-base ../../build/jarvis_core build --build-base /home/jarvis/workspace/ros2/build/jarvis_core/build install --prefix /home/jarvis/workspace/ros2/install/jarvis_core --record /home/jarvis/workspace/ros2/build/jarvis_core/install.log --single-version-externally-managed
[2.711s] running egg_info
[2.716s] writing ../../build/jarvis_core/jarvis_core.egg-info/PKG-INFO
[2.718s] writing dependency_links to ../../build/jarvis_core/jarvis_core.egg-info/dependency_links.txt
[2.720s] writing entry points to ../../build/jarvis_core/jarvis_core.egg-info/entry_points.txt
[2.722s] writing requirements to ../../build/jarvis_core/jarvis_core.egg-info/requires.txt
[2.724s] writing top-level names to ../../build/jarvis_core/jarvis_core.egg-info/top_level.txt
[2.955s] reading manifest file '../../build/jarvis_core/jarvis_core.egg-info/SOURCES.txt'
[2.963s] writing manifest file '../../build/jarvis_core/jarvis_core.egg-info/SOURCES.txt'
[2.966s] running build
[2.967s] running build_py
[2.970s] copying jarvis_core/imu.py -> /home/jarvis/workspace/ros2/build/jarvis_core/build/lib/jarvis_core
[2.973s] running install
[2.979s] running install_lib
[2.987s] copying /home/jarvis/workspace/ros2/build/jarvis_core/build/lib/jarvis_core/imu.py -> /home/jarvis/workspace/ros2/install/jarvis_core/lib/python3.8/site-packages/jarvis_core
[2.992s] byte-compiling /home/jarvis/workspace/ros2/install/jarvis_core/lib/python3.8/site-packages/jarvis_core/imu.py to imu.cpython-38.pyc
[3.012s] running install_data
[3.016s] running install_egg_info
[3.027s] removing '/home/jarvis/workspace/ros2/install/jarvis_core/lib/python3.8/site-packages/jarvis_core-0.0.0-py3.8.egg-info' (and everything under it)
[3.032s] Copying ../../build/jarvis_core/jarvis_core.egg-info to /home/jarvis/workspace/ros2/install/jarvis_core/lib/python3.8/site-packages/jarvis_core-0.0.0-py3.8.egg-info
[3.043s] running install_scripts
[3.152s] Installing core script to /home/jarvis/workspace/ros2/install/jarvis_core/lib/jarvis_core
[3.156s] writing list of installed files to '/home/jarvis/workspace/ros2/build/jarvis_core/install.log'
[3.292s] Invoked command in '/home/jarvis/workspace/ros2/src/jarvis_core' returned '0': PYTHONPATH=/home/jarvis/workspace/ros2/install/jarvis_core/lib/python3.8/site-packages:${PYTHONPATH} /usr/bin/python3 setup.py egg_info --egg-base ../../build/jarvis_core build --build-base /home/jarvis/workspace/ros2/build/jarvis_core/build install --prefix /home/jarvis/workspace/ros2/install/jarvis_core --record /home/jarvis/workspace/ros2/build/jarvis_core/install.log --single-version-externally-managed
