[1.309s] Invoking command in '/home/jarvis/workspace/ros2/src/jarvis_core': PYTHONPATH=/home/jarvis/workspace/ros2/install/jarvis_core/lib/python3.8/site-packages:${PYTHONPATH} /usr/bin/python3 setup.py egg_info --egg-base ../../build/jarvis_core build --build-base /home/jarvis/workspace/ros2/build/jarvis_core/build install --prefix /home/jarvis/workspace/ros2/install/jarvis_core --record /home/jarvis/workspace/ros2/build/jarvis_core/install.log --single-version-externally-managed
[2.474s] running egg_info
[2.477s] writing ../../build/jarvis_core/jarvis_core.egg-info/PKG-INFO
[2.479s] writing dependency_links to ../../build/jarvis_core/jarvis_core.egg-info/dependency_links.txt
[2.480s] writing entry points to ../../build/jarvis_core/jarvis_core.egg-info/entry_points.txt
[2.481s] writing requirements to ../../build/jarvis_core/jarvis_core.egg-info/requires.txt
[2.481s] writing top-level names to ../../build/jarvis_core/jarvis_core.egg-info/top_level.txt
[2.704s] reading manifest file '../../build/jarvis_core/jarvis_core.egg-info/SOURCES.txt'
[2.710s] writing manifest file '../../build/jarvis_core/jarvis_core.egg-info/SOURCES.txt'
[2.710s] running build
[2.711s] running build_py
[2.712s] copying jarvis_core/imu.py -> /home/jarvis/workspace/ros2/build/jarvis_core/build/lib/jarvis_core
[2.713s] copying jarvis_core/core.py -> /home/jarvis/workspace/ros2/build/jarvis_core/build/lib/jarvis_core
[2.714s] running install
[2.718s] running install_lib
[2.724s] copying /home/jarvis/workspace/ros2/build/jarvis_core/build/lib/jarvis_core/imu.py -> /home/jarvis/workspace/ros2/install/jarvis_core/lib/python3.8/site-packages/jarvis_core
[2.726s] copying /home/jarvis/workspace/ros2/build/jarvis_core/build/lib/jarvis_core/core.py -> /home/jarvis/workspace/ros2/install/jarvis_core/lib/python3.8/site-packages/jarvis_core
[2.728s] byte-compiling /home/jarvis/workspace/ros2/install/jarvis_core/lib/python3.8/site-packages/jarvis_core/imu.py to imu.cpython-38.pyc
[2.744s] byte-compiling /home/jarvis/workspace/ros2/install/jarvis_core/lib/python3.8/site-packages/jarvis_core/core.py to core.cpython-38.pyc
[2.746s] running install_data
[2.749s] copying package.xml -> /home/jarvis/workspace/ros2/install/jarvis_core/share/jarvis_core
[2.750s] running install_egg_info
[2.758s] removing '/home/jarvis/workspace/ros2/install/jarvis_core/lib/python3.8/site-packages/jarvis_core-0.0.0-py3.8.egg-info' (and everything under it)
[2.760s] Copying ../../build/jarvis_core/jarvis_core.egg-info to /home/jarvis/workspace/ros2/install/jarvis_core/lib/python3.8/site-packages/jarvis_core-0.0.0-py3.8.egg-info
[2.765s] running install_scripts
[2.862s] Installing core script to /home/jarvis/workspace/ros2/install/jarvis_core/lib/jarvis_core
[2.864s] writing list of installed files to '/home/jarvis/workspace/ros2/build/jarvis_core/install.log'
[2.988s] Invoked command in '/home/jarvis/workspace/ros2/src/jarvis_core' returned '0': PYTHONPATH=/home/jarvis/workspace/ros2/install/jarvis_core/lib/python3.8/site-packages:${PYTHONPATH} /usr/bin/python3 setup.py egg_info --egg-base ../../build/jarvis_core build --build-base /home/jarvis/workspace/ros2/build/jarvis_core/build install --prefix /home/jarvis/workspace/ros2/install/jarvis_core --record /home/jarvis/workspace/ros2/build/jarvis_core/install.log --single-version-externally-managed
